<?xml version="1.0" encoding="UTF-8"?>
<!-- Generated by org.testng.reporters.JUnitXMLReporter -->
<testsuite ignored="1" hostname="DESKTOP-OUI7JLC" failures="0" tests="2" name="Test" time="0.093" errors="0" timestamp="2023-01-18T10:11:44 IST">
  <testcase classname="Practice_Maven.CreateTest" name="createTest" time="0.018"/>
  <testcase classname="Practice_Maven.Delete" name="delete" time="0.002"/>
  <testcase classname="Practice_Maven.Delete" name="deleted" time="0.0">
    <ignored/>
  </testcase> <!-- deleted -->
</testsuite> <!-- Test -->
