<?xml version="1.0" encoding="UTF-8"?>
<testng-results ignored="0" total="1" passed="1" failed="0" skipped="0">
  <reporter-output>
  </reporter-output>
  <suite started-at="2023-01-18T12:44:46 IST" name="Default suite" finished-at="2023-01-18T12:44:46 IST" duration-ms="100">
    <groups>
    </groups>
    <test started-at="2023-01-18T12:44:46 IST" name="Default test" finished-at="2023-01-18T12:44:46 IST" duration-ms="100">
      <class name="Practice_Maven.Login">
        <test-method signature="loginApplicationn()[pri:0, instance:Practice_Maven.Login@6a400542]" started-at="2023-01-18T12:44:46 IST" name="loginApplicationn" finished-at="2023-01-18T12:44:46 IST" duration-ms="23" status="PASS">
          <reporter-output>
          </reporter-output>
        </test-method> <!-- loginApplicationn -->
      </class> <!-- Practice_Maven.Login -->
    </test> <!-- Default test -->
  </suite> <!-- Default suite -->
</testng-results>
